<?xml version="1.0" encoding="UTF-8"?>
<testsuite name="fnadona.estudo.EstudoApplicationTests" tests="1" skipped="0" failures="0" errors="0" timestamp="2020-03-02T16:48:50" hostname="ni-05082-8" time="0.394">
  <properties/>
  <testcase name="contextLoads()" classname="fnadona.estudo.EstudoApplicationTests" time="0.394"/>
  <system-out><![CDATA[13:48:48.277 [Test worker] DEBUG org.springframework.test.context.BootstrapUtils - Instantiating CacheAwareContextLoaderDelegate from class [org.springframework.test.context.cache.DefaultCacheAwareContextLoaderDelegate]
13:48:48.294 [Test worker] DEBUG org.springframework.test.context.BootstrapUtils - Instantiating BootstrapContext using constructor [public org.springframework.test.context.support.DefaultBootstrapContext(java.lang.Class,org.springframework.test.context.CacheAwareContextLoaderDelegate)]
13:48:48.328 [Test worker] DEBUG org.springframework.test.context.BootstrapUtils - Instantiating TestContextBootstrapper for test class [fnadona.estudo.EstudoApplicationTests] from class [org.springframework.boot.test.context.SpringBootTestContextBootstrapper]
13:48:48.348 [Test worker] INFO org.springframework.boot.test.context.SpringBootTestContextBootstrapper - Neither @ContextConfiguration nor @ContextHierarchy found for test class [fnadona.estudo.EstudoApplicationTests], using SpringBootContextLoader
13:48:48.353 [Test worker] DEBUG org.springframework.test.context.support.AbstractContextLoader - Did not detect default resource location for test class [fnadona.estudo.EstudoApplicationTests]: class path resource [fnadona/estudo/EstudoApplicationTests-context.xml] does not exist
13:48:48.353 [Test worker] DEBUG org.springframework.test.context.support.AbstractContextLoader - Did not detect default resource location for test class [fnadona.estudo.EstudoApplicationTests]: class path resource [fnadona/estudo/EstudoApplicationTestsContext.groovy] does not exist
13:48:48.354 [Test worker] INFO org.springframework.test.context.support.AbstractContextLoader - Could not detect default resource locations for test class [fnadona.estudo.EstudoApplicationTests]: no resource found for suffixes {-context.xml, Context.groovy}.
13:48:48.355 [Test worker] INFO org.springframework.test.context.support.AnnotationConfigContextLoaderUtils - Could not detect default configuration classes for test class [fnadona.estudo.EstudoApplicationTests]: EstudoApplicationTests does not declare any static, non-private, non-final, nested classes annotated with @Configuration.
13:48:48.395 [Test worker] DEBUG org.springframework.test.context.support.ActiveProfilesUtils - Could not find an 'annotation declaring class' for annotation type [org.springframework.test.context.ActiveProfiles] and class [fnadona.estudo.EstudoApplicationTests]
13:48:48.461 [Test worker] DEBUG org.springframework.context.annotation.ClassPathScanningCandidateComponentProvider - Identified candidate component class: file [/home/fnadona/IdeaProjects/estudo/build/classes/java/main/fnadona/estudo/EstudoApplication.class]
13:48:48.463 [Test worker] INFO org.springframework.boot.test.context.SpringBootTestContextBootstrapper - Found @SpringBootConfiguration fnadona.estudo.EstudoApplication for test class fnadona.estudo.EstudoApplicationTests
13:48:48.574 [Test worker] DEBUG org.springframework.boot.test.context.SpringBootTestContextBootstrapper - @TestExecutionListeners is not present for class [fnadona.estudo.EstudoApplicationTests]: using defaults.
13:48:48.575 [Test worker] INFO org.springframework.boot.test.context.SpringBootTestContextBootstrapper - Loaded default TestExecutionListener class names from location [META-INF/spring.factories]: [org.springframework.boot.test.autoconfigure.restdocs.RestDocsTestExecutionListener, org.springframework.boot.test.autoconfigure.web.client.MockRestServiceServerResetTestExecutionListener, org.springframework.boot.test.autoconfigure.web.servlet.MockMvcPrintOnlyOnFailureTestExecutionListener, org.springframework.boot.test.autoconfigure.web.servlet.WebDriverTestExecutionListener, org.springframework.boot.test.mock.mockito.MockitoTestExecutionListener, org.springframework.boot.test.mock.mockito.ResetMocksTestExecutionListener, org.springframework.test.context.web.ServletTestExecutionListener, org.springframework.test.context.support.DirtiesContextBeforeModesTestExecutionListener, org.springframework.test.context.support.DependencyInjectionTestExecutionListener, org.springframework.test.context.support.DirtiesContextTestExecutionListener, org.springframework.test.context.transaction.TransactionalTestExecutionListener, org.springframework.test.context.jdbc.SqlScriptsTestExecutionListener, org.springframework.test.context.event.EventPublishingTestExecutionListener]
13:48:48.591 [Test worker] DEBUG org.springframework.boot.test.context.SpringBootTestContextBootstrapper - Skipping candidate TestExecutionListener [org.springframework.test.context.transaction.TransactionalTestExecutionListener] due to a missing dependency. Specify custom listener classes or make the default listener classes and their required dependencies available. Offending class: [org/springframework/transaction/TransactionDefinition]
13:48:48.592 [Test worker] DEBUG org.springframework.boot.test.context.SpringBootTestContextBootstrapper - Skipping candidate TestExecutionListener [org.springframework.test.context.jdbc.SqlScriptsTestExecutionListener] due to a missing dependency. Specify custom listener classes or make the default listener classes and their required dependencies available. Offending class: [org/springframework/transaction/interceptor/TransactionAttribute]
13:48:48.592 [Test worker] INFO org.springframework.boot.test.context.SpringBootTestContextBootstrapper - Using TestExecutionListeners: [org.springframework.test.context.web.ServletTestExecutionListener@56419f56, org.springframework.test.context.support.DirtiesContextBeforeModesTestExecutionListener@ba03aa6, org.springframework.boot.test.mock.mockito.MockitoTestExecutionListener@fe6dbe7, org.springframework.boot.test.autoconfigure.SpringBootDependencyInjectionTestExecutionListener@226876cf, org.springframework.test.context.support.DirtiesContextTestExecutionListener@7809e6fb, org.springframework.test.context.event.EventPublishingTestExecutionListener@72f68656, org.springframework.boot.test.autoconfigure.restdocs.RestDocsTestExecutionListener@4b76520c, org.springframework.boot.test.autoconfigure.web.client.MockRestServiceServerResetTestExecutionListener@2ac99ba3, org.springframework.boot.test.autoconfigure.web.servlet.MockMvcPrintOnlyOnFailureTestExecutionListener@1d408e3f, org.springframework.boot.test.autoconfigure.web.servlet.WebDriverTestExecutionListener@5b427ff7, org.springframework.boot.test.mock.mockito.ResetMocksTestExecutionListener@22ddb0a1]
13:48:48.598 [Test worker] DEBUG org.springframework.test.context.support.AbstractDirtiesContextTestExecutionListener - Before test class: context [DefaultTestContext@3809c6bb testClass = EstudoApplicationTests, testInstance = [null], testMethod = [null], testException = [null], mergedContextConfiguration = [WebMergedContextConfiguration@4b1a569c testClass = EstudoApplicationTests, locations = '{}', classes = '{class fnadona.estudo.EstudoApplication}', contextInitializerClasses = '[]', activeProfiles = '{}', propertySourceLocations = '{}', propertySourceProperties = '{org.springframework.boot.test.context.SpringBootTestContextBootstrapper=true}', contextCustomizers = set[org.springframework.boot.test.autoconfigure.properties.PropertyMappingContextCustomizer@0, org.springframework.boot.test.autoconfigure.web.servlet.WebDriverContextCustomizerFactory$Customizer@40c9e522, org.springframework.boot.test.context.filter.ExcludeFilterContextCustomizer@555df2e7, org.springframework.boot.test.json.DuplicateJsonObjectContextCustomizerFactory$DuplicateJsonObjectContextCustomizer@74020165, org.springframework.boot.test.mock.mockito.MockitoContextCustomizer@0, org.springframework.boot.test.web.client.TestRestTemplateContextCustomizer@73114e4e], resourceBasePath = 'src/main/webapp', contextLoader = 'org.springframework.boot.test.context.SpringBootContextLoader', parent = [null]], attributes = map['org.springframework.test.context.web.ServletTestExecutionListener.activateListener' -> true]], class annotated with @DirtiesContext [false] with mode [null].
13:48:48.634 [Test worker] DEBUG org.springframework.test.context.support.TestPropertySourceUtils - Adding inlined properties to environment: {spring.jmx.enabled=false, org.springframework.boot.test.context.SpringBootTestContextBootstrapper=true, server.port=-1}

  .   ____          _            __ _ _
 /\\ / ___'_ __ _ _(_)_ __  __ _ \ \ \ \
( ( )\___ | '_ | '_| | '_ \/ _` | \ \ \ \
 \\/  ___)| |_)| | | | | || (_| |  ) ) ) )
  '  |____| .__|_| |_|_| |_\__, | / / / /
 =========|_|==============|___/=/_/_/_/
 :: Spring Boot ::        (v2.2.5.RELEASE)

2020-03-02 13:48:48.928  INFO 32009 --- [    Test worker] fnadona.estudo.EstudoApplicationTests    : Starting EstudoApplicationTests on ni-05082-8 with PID 32009 (started by fnadona in /home/fnadona/IdeaProjects/estudo)
2020-03-02 13:48:48.930  INFO 32009 --- [    Test worker] fnadona.estudo.EstudoApplicationTests    : No active profile set, falling back to default profiles: default
2020-03-02 13:48:50.244  INFO 32009 --- [    Test worker] o.s.s.concurrent.ThreadPoolTaskExecutor  : Initializing ExecutorService 'applicationTaskExecutor'
2020-03-02 13:48:50.473  INFO 32009 --- [    Test worker] fnadona.estudo.EstudoApplicationTests    : Started EstudoApplicationTests in 1.826 seconds (JVM running for 3.158)
]]></system-out>
  <system-err><![CDATA[]]></system-err>
</testsuite>
